\BOOKMARK [1][-]{section.1}{Introduction}{}% 1
\BOOKMARK [1][-]{section.2}{Related Work}{}% 2
\BOOKMARK [2][-]{subsection.2.1}{Interpolation-Based Methods}{section.2}% 3
\BOOKMARK [2][-]{subsection.2.2}{CNN-Based Demosaicing Approaches}{section.2}% 4
\BOOKMARK [2][-]{subsection.2.3}{Attention and Transformer-Based Approaches}{section.2}% 5
\BOOKMARK [2][-]{subsection.2.4}{Our Contributions}{section.2}% 6
\BOOKMARK [1][-]{section.3}{Proposed Method}{}% 7
\BOOKMARK [2][-]{subsection.3.1}{Problem Formulation}{section.3}% 8
\BOOKMARK [2][-]{subsection.3.2}{Overall Architecture}{section.3}% 9
\BOOKMARK [1][-]{section.4}{Mosaic Transformer Descriptor \(MTD\)}{}% 10
\BOOKMARK [2][-]{subsection.4.1}{Motivation and Design Philosophy}{section.4}% 11
\BOOKMARK [2][-]{subsection.4.2}{MTD Architecture}{section.4}% 12
\BOOKMARK [3][-]{subsubsection.4.2.1}{Step 1: Spatial Down-Shuffling}{subsection.4.2}% 13
\BOOKMARK [3][-]{subsubsection.4.2.2}{Step 2: Channel Projection}{subsection.4.2}% 14
\BOOKMARK [3][-]{subsubsection.4.2.3}{Step 3: Multi-Head Self-Attention \(Core Innovation\)}{subsection.4.2}% 15
\BOOKMARK [3][-]{subsubsection.4.2.4}{Step 4: Channel Attention Generation}{subsection.4.2}% 16
\BOOKMARK [3][-]{subsubsection.4.2.5}{Step 5: Feature Modulation}{subsection.4.2}% 17
\BOOKMARK [3][-]{subsubsection.4.2.6}{Step 6: Spatial Up-Shuffling}{subsection.4.2}% 18
\BOOKMARK [2][-]{subsection.4.3}{Computational Complexity Analysis}{section.4}% 19
\BOOKMARK [2][-]{subsection.4.4}{Why This Design Succeeds}{section.4}% 20
\BOOKMARK [1][-]{section.5}{Other Components}{}% 21
\BOOKMARK [2][-]{subsection.5.1}{Denoising Module}{section.5}% 22
\BOOKMARK [2][-]{subsection.5.2}{White Balance Convolution}{section.5}% 23
\BOOKMARK [2][-]{subsection.5.3}{Position-to-Weight \(Pos2Weight\) Module}{section.5}% 24
\BOOKMARK [2][-]{subsection.5.4}{Conv\137attention\137Block}{section.5}% 25
\BOOKMARK [2][-]{subsection.5.5}{Loss Function}{section.5}% 26
\BOOKMARK [1][-]{section.6}{Experimental Setup}{}% 27
\BOOKMARK [2][-]{subsection.6.1}{Dataset}{section.6}% 28
\BOOKMARK [2][-]{subsection.6.2}{Training Configuration}{section.6}% 29
\BOOKMARK [2][-]{subsection.6.3}{Model Statistics}{section.6}% 30
\BOOKMARK [2][-]{subsection.6.4}{Evaluation Metrics}{section.6}% 31
\BOOKMARK [1][-]{section.7}{Results and Analysis}{}% 32
\BOOKMARK [2][-]{subsection.7.1}{Quantitative Comparison}{section.7}% 33
\BOOKMARK [2][-]{subsection.7.2}{Training Dynamics}{section.7}% 34
\BOOKMARK [2][-]{subsection.7.3}{Ablation Study}{section.7}% 35
\BOOKMARK [2][-]{subsection.7.4}{Per-Band Performance Analysis}{section.7}% 36
\BOOKMARK [2][-]{subsection.7.5}{Visual Quality Assessment}{section.7}% 37
\BOOKMARK [2][-]{subsection.7.6}{Attention Visualization}{section.7}% 38
\BOOKMARK [1][-]{section.8}{Discussion}{}% 39
\BOOKMARK [2][-]{subsection.8.1}{Why MTD Excels}{section.8}% 40
\BOOKMARK [2][-]{subsection.8.2}{Comparison with Vision Transformers}{section.8}% 41
\BOOKMARK [2][-]{subsection.8.3}{Limitations}{section.8}% 42
\BOOKMARK [2][-]{subsection.8.4}{Future Work}{section.8}% 43
\BOOKMARK [1][-]{section.9}{Conclusion}{}% 44
\BOOKMARK [1][-]{section*.16}{References}{}% 45
